<?xml version="1.0" encoding="UTF-8"?>
<!-- Generated by org.testng.reporters.JUnitReportReporter -->
<testsuite hostname="LAPTOP-RU6207RQ" failures="0" tests="13" name="TestNG.TestNG_Project" time="0.037" errors="0" timestamp="02 Jul 2019 09:29:36 GMT" skipped="0">
  <testcase classname="TestNG.TestNG_Project" name="testfourth" time="0.000"/>
  <testcase classname="TestNG.TestNG_Project" name="testfourth" time="0.004"/>
  <testcase classname="TestNG.TestNG_Project" name="testfourth" time="0.000"/>
  <testcase classname="TestNG.TestNG_Project" name="testfourth" time="0.001"/>
  <testcase classname="TestNG.TestNG_Project" name="testfourth" time="0.004"/>
  <testcase classname="TestNG.TestNG_Project" name="testthird" time="0.004"/>
  <testcase classname="TestNG.TestNG_Project" name="testfourth" time="0.004"/>
  <testcase classname="TestNG.TestNG_Project" name="testfourth" time="0.004"/>
  <testcase classname="TestNG.TestNG_Project" name="testfourth" time="0.004"/>
  <testcase classname="TestNG.TestNG_Project" name="testfourth" time="0.004"/>
  <testcase classname="TestNG.TestNG_Project" name="testsecond" time="0.004"/>
  <testcase classname="TestNG.TestNG_Project" name="testfourth" time="0.000"/>
  <testcase classname="TestNG.TestNG_Project" name="test" time="0.004"/>
</testsuite> <!-- TestNG.TestNG_Project -->
