<?xml version="1.0" encoding="UTF-8"?>
<!-- Generated by org.testng.reporters.JUnitReportReporter -->
<testsuite hostname="LAPTOP-RU6207RQ" failures="0" tests="1" name="TestNG.Test_ExpenseTracker" time="0.004" errors="0" timestamp="02 Jul 2019 10:28:40 GMT" skipped="0">
  <testcase classname="TestNG.Test_ExpenseTracker" name="checkhomepagetitle" time="0.004"/>
</testsuite> <!-- TestNG.Test_ExpenseTracker -->
